[2026-04-01 23:15:34,388] [main] INFO  [customer-services,,] ngBoot3GettingStartedApplication - Starting SpringBoot3GettingStartedApplication using Java 17.0.18 with PID 49224 (/Users/mac/Documents/API-Spring/spring-boot-lab/1. Introduction To Spring Boot/#1 spring-boot-3-getting-started/target/classes started by mac in /Users/mac/Documents/API-Spring/spring-boot-lab)
[2026-04-01 23:15:34,406] [main] INFO  [customer-services,,] ngBoot3GettingStartedApplication - No active profile set, falling back to 1 default profile: "default"
[2026-04-01 23:15:34,780] [main] INFO  [customer-services,,] .RepositoryConfigurationDelegate - Bootstrapping Spring Data JPA repositories in DEFAULT mode.
[2026-04-01 23:15:34,844] [main] INFO  [customer-services,,] .RepositoryConfigurationDelegate - Finished Spring Data repository scanning in 49 ms. Found 0 JPA repository interfaces.
[2026-04-01 23:15:35,155] [main] INFO  [customer-services,,] o.s.b.w.e.tomcat.TomcatWebServer - Tomcat initialized with port(s): 8080 (http)
[2026-04-01 23:15:35,160] [main] INFO  [customer-services,,] .a.catalina.core.StandardService - Starting service [Tomcat]
[2026-04-01 23:15:35,160] [main] INFO  [customer-services,,] o.a.catalina.core.StandardEngine - Starting Servlet engine: [Apache Tomcat/10.1.5]
[2026-04-01 23:15:35,211] [main] INFO  [customer-services,,] a.c.c.C.[Tomcat].[localhost].[/] - Initializing Spring embedded WebApplicationContext
[2026-04-01 23:15:35,211] [main] INFO  [customer-services,,] rvletWebServerApplicationContext - Root WebApplicationContext: initialization completed in 783 ms
[2026-04-01 23:15:35,239] [main] INFO  [customer-services,,] m.zaxxer.hikari.HikariDataSource - HikariPool-1 - Starting...
[2026-04-01 23:15:35,305] [main] INFO  [customer-services,,] o.h.jpa.internal.util.LogHelper  - HHH000204: Processing PersistenceUnitInfo [name: default]
[2026-04-01 23:15:35,337] [main] INFO  [customer-services,,] org.hibernate.Version            - HHH000412: Hibernate ORM core version 6.1.7.Final
[2026-04-01 23:15:35,508] [main] INFO  [customer-services,,] m.zaxxer.hikari.HikariDataSource - HikariPool-1 - Starting...
[2026-04-01 23:15:35,509] [main] WARN  [customer-services,,] e.j.e.i.JdbcEnvironmentInitiator - HHH000342: Could not obtain connection to query metadata
java.lang.RuntimeException: Driver org.h2.Driver claims to not accept jdbcUrl, jdbc:postgresql://localhost:5432/customer
	at com.zaxxer.hikari.util.DriverDataSource.<init>(DriverDataSource.java:110)
	at com.zaxxer.hikari.pool.PoolBase.initializeDataSource(PoolBase.java:326)
	at com.zaxxer.hikari.pool.PoolBase.<init>(PoolBase.java:112)
	at com.zaxxer.hikari.pool.HikariPool.<init>(HikariPool.java:93)
	at com.zaxxer.hikari.HikariDataSource.getConnection(HikariDataSource.java:112)
	at org.hibernate.engine.jdbc.connections.internal.DatasourceConnectionProviderImpl.getConnection(DatasourceConnectionProviderImpl.java:122)
	at org.hibernate.engine.jdbc.env.internal.JdbcEnvironmentInitiator$ConnectionProviderJdbcConnectionAccess.obtainConnection(JdbcEnvironmentInitiator.java:284)
	at org.hibernate.engine.jdbc.env.internal.JdbcEnvironmentInitiator.initiateService(JdbcEnvironmentInitiator.java:177)
	at org.hibernate.engine.jdbc.env.internal.JdbcEnvironmentInitiator.initiateService(JdbcEnvironmentInitiator.java:36)
	at org.hibernate.boot.registry.internal.StandardServiceRegistryImpl.initiateService(StandardServiceRegistryImpl.java:119)
	at org.hibernate.service.internal.AbstractServiceRegistryImpl.createService(AbstractServiceRegistryImpl.java:255)
	at org.hibernate.service.internal.AbstractServiceRegistryImpl.initializeService(AbstractServiceRegistryImpl.java:230)
	at org.hibernate.service.internal.AbstractServiceRegistryImpl.getService(AbstractServiceRegistryImpl.java:207)
	at org.hibernate.boot.model.relational.Database.<init>(Database.java:44)
	at org.hibernate.boot.internal.InFlightMetadataCollectorImpl.getDatabase(InFlightMetadataCollectorImpl.java:218)
	at org.hibernate.boot.internal.InFlightMetadataCollectorImpl.<init>(InFlightMetadataCollectorImpl.java:191)
	at org.hibernate.boot.model.process.spi.MetadataBuildingProcess.complete(MetadataBuildingProcess.java:138)
	at org.hibernate.jpa.boot.internal.EntityManagerFactoryBuilderImpl.metadata(EntityManagerFactoryBuilderImpl.java:1348)
	at org.hibernate.jpa.boot.internal.EntityManagerFactoryBuilderImpl.build(EntityManagerFactoryBuilderImpl.java:1419)
	at org.springframework.orm.jpa.vendor.SpringHibernateJpaPersistenceProvider.createContainerEntityManagerFactory(SpringHibernateJpaPersistenceProvider.java:66)
	at org.springframework.orm.jpa.LocalContainerEntityManagerFactoryBean.createNativeEntityManagerFactory(LocalContainerEntityManagerFactoryBean.java:376)
	at org.springframework.orm.jpa.AbstractEntityManagerFactoryBean.buildNativeEntityManagerFactory(AbstractEntityManagerFactoryBean.java:409)
	at org.springframework.orm.jpa.AbstractEntityManagerFactoryBean.afterPropertiesSet(AbstractEntityManagerFactoryBean.java:396)
	at org.springframework.orm.jpa.LocalContainerEntityManagerFactoryBean.afterPropertiesSet(LocalContainerEntityManagerFactoryBean.java:352)
	at org.springframework.beans.factory.support.AbstractAutowireCapableBeanFactory.invokeInitMethods(AbstractAutowireCapableBeanFactory.java:1798)
	at org.springframework.beans.factory.support.AbstractAutowireCapableBeanFactory.initializeBean(AbstractAutowireCapableBeanFactory.java:1748)
	at org.springframework.beans.factory.support.AbstractAutowireCapableBeanFactory.doCreateBean(AbstractAutowireCapableBeanFactory.java:600)
	at org.springframework.beans.factory.support.AbstractAutowireCapableBeanFactory.createBean(AbstractAutowireCapableBeanFactory.java:522)
	at org.springframework.beans.factory.support.AbstractBeanFactory.lambda$doGetBean$0(AbstractBeanFactory.java:326)
	at org.springframework.beans.factory.support.DefaultSingletonBeanRegistry.getSingleton(DefaultSingletonBeanRegistry.java:234)
	at org.springframework.beans.factory.support.AbstractBeanFactory.doGetBean(AbstractBeanFactory.java:324)
	at org.springframework.beans.factory.support.AbstractBeanFactory.getBean(AbstractBeanFactory.java:200)
	at org.springframework.context.support.AbstractApplicationContext.getBean(AbstractApplicationContext.java:1132)
	at org.springframework.context.support.AbstractApplicationContext.finishBeanFactoryInitialization(AbstractApplicationContext.java:907)
	at org.springframework.context.support.AbstractApplicationContext.refresh(AbstractApplicationContext.java:584)
	at org.springframework.boot.web.servlet.context.ServletWebServerApplicationContext.refresh(ServletWebServerApplicationContext.java:146)
	at org.springframework.boot.SpringApplication.refresh(SpringApplication.java:732)
	at org.springframework.boot.SpringApplication.refreshContext(SpringApplication.java:434)
	at org.springframework.boot.SpringApplication.run(SpringApplication.java:310)
	at org.springframework.boot.SpringApplication.run(SpringApplication.java:1304)
	at org.springframework.boot.SpringApplication.run(SpringApplication.java:1293)
	at com.learn.SpringBoot3GettingStartedApplication.main(SpringBoot3GettingStartedApplication.java:10)
[2026-04-01 23:15:35,520] [main] INFO  [customer-services,,] SQL dialect                      - HHH000400: Using dialect: org.hibernate.dialect.PostgreSQLDialect
[2026-04-01 23:15:35,529] [main] WARN  [customer-services,,] o.h.d.PostgreSQLPGObjectJdbcType - PostgreSQL JDBC driver classes are inaccessible and thus, certain DDL types like JSONB, JSON, GEOMETRY can not be used!
java.lang.ClassNotFoundException: org.postgresql.util.PGobject
	at java.base/jdk.internal.loader.BuiltinClassLoader.loadClass(BuiltinClassLoader.java:641)
	at java.base/jdk.internal.loader.ClassLoaders$AppClassLoader.loadClass(ClassLoaders.java:188)
	at java.base/java.lang.ClassLoader.loadClass(ClassLoader.java:525)
	at java.base/java.lang.Class.forName0(Native Method)
	at java.base/java.lang.Class.forName(Class.java:469)
	at org.hibernate.internal.util.ReflectHelper.classForName(ReflectHelper.java:164)
	at org.hibernate.dialect.PostgreSQLPGObjectJdbcType.<clinit>(PostgreSQLPGObjectJdbcType.java:45)
	at org.hibernate.dialect.PostgreSQLDialect.registerColumnTypes(PostgreSQLDialect.java:231)
	at org.hibernate.dialect.Dialect.contributeTypes(Dialect.java:1341)
	at org.hibernate.dialect.PostgreSQLDialect.contributeTypes(PostgreSQLDialect.java:1229)
	at org.hibernate.boot.model.process.spi.MetadataBuildingProcess.handleTypes(MetadataBuildingProcess.java:386)
	at org.hibernate.boot.model.process.spi.MetadataBuildingProcess.complete(MetadataBuildingProcess.java:143)
	at org.hibernate.jpa.boot.internal.EntityManagerFactoryBuilderImpl.metadata(EntityManagerFactoryBuilderImpl.java:1348)
	at org.hibernate.jpa.boot.internal.EntityManagerFactoryBuilderImpl.build(EntityManagerFactoryBuilderImpl.java:1419)
	at org.springframework.orm.jpa.vendor.SpringHibernateJpaPersistenceProvider.createContainerEntityManagerFactory(SpringHibernateJpaPersistenceProvider.java:66)
	at org.springframework.orm.jpa.LocalContainerEntityManagerFactoryBean.createNativeEntityManagerFactory(LocalContainerEntityManagerFactoryBean.java:376)
	at org.springframework.orm.jpa.AbstractEntityManagerFactoryBean.buildNativeEntityManagerFactory(AbstractEntityManagerFactoryBean.java:409)
	at org.springframework.orm.jpa.AbstractEntityManagerFactoryBean.afterPropertiesSet(AbstractEntityManagerFactoryBean.java:396)
	at org.springframework.orm.jpa.LocalContainerEntityManagerFactoryBean.afterPropertiesSet(LocalContainerEntityManagerFactoryBean.java:352)
	at org.springframework.beans.factory.support.AbstractAutowireCapableBeanFactory.invokeInitMethods(AbstractAutowireCapableBeanFactory.java:1798)
	at org.springframework.beans.factory.support.AbstractAutowireCapableBeanFactory.initializeBean(AbstractAutowireCapableBeanFactory.java:1748)
	at org.springframework.beans.factory.support.AbstractAutowireCapableBeanFactory.doCreateBean(AbstractAutowireCapableBeanFactory.java:600)
	at org.springframework.beans.factory.support.AbstractAutowireCapableBeanFactory.createBean(AbstractAutowireCapableBeanFactory.java:522)
	at org.springframework.beans.factory.support.AbstractBeanFactory.lambda$doGetBean$0(AbstractBeanFactory.java:326)
	at org.springframework.beans.factory.support.DefaultSingletonBeanRegistry.getSingleton(DefaultSingletonBeanRegistry.java:234)
	at org.springframework.beans.factory.support.AbstractBeanFactory.doGetBean(AbstractBeanFactory.java:324)
	at org.springframework.beans.factory.support.AbstractBeanFactory.getBean(AbstractBeanFactory.java:200)
	at org.springframework.context.support.AbstractApplicationContext.getBean(AbstractApplicationContext.java:1132)
	at org.springframework.context.support.AbstractApplicationContext.finishBeanFactoryInitialization(AbstractApplicationContext.java:907)
	at org.springframework.context.support.AbstractApplicationContext.refresh(AbstractApplicationContext.java:584)
	at org.springframework.boot.web.servlet.context.ServletWebServerApplicationContext.refresh(ServletWebServerApplicationContext.java:146)
	at org.springframework.boot.SpringApplication.refresh(SpringApplication.java:732)
	at org.springframework.boot.SpringApplication.refreshContext(SpringApplication.java:434)
	at org.springframework.boot.SpringApplication.run(SpringApplication.java:310)
	at org.springframework.boot.SpringApplication.run(SpringApplication.java:1304)
	at org.springframework.boot.SpringApplication.run(SpringApplication.java:1293)
	at com.learn.SpringBoot3GettingStartedApplication.main(SpringBoot3GettingStartedApplication.java:10)
[2026-04-01 23:15:35,665] [main] INFO  [customer-services,,] h.e.t.j.p.i.JtaPlatformInitiator - HHH000490: Using JtaPlatform implementation: [org.hibernate.engine.transaction.jta.platform.internal.NoJtaPlatform]
[2026-04-01 23:15:35,671] [main] INFO  [customer-services,,] ontainerEntityManagerFactoryBean - Initialized JPA EntityManagerFactory for persistence unit 'default'
[2026-04-01 23:15:35,690] [main] WARN  [customer-services,,] onfiguration$JpaWebConfiguration - spring.jpa.open-in-view is enabled by default. Therefore, database queries may be performed during view rendering. Explicitly configure spring.jpa.open-in-view to disable this warning
[2026-04-01 23:15:35,984] [main] INFO  [customer-services,,] o.s.b.w.e.tomcat.TomcatWebServer - Tomcat started on port(s): 8080 (http) with context path ''
[2026-04-01 23:15:35,993] [main] INFO  [customer-services,,] ngBoot3GettingStartedApplication - Started SpringBoot3GettingStartedApplication in 2.133 seconds (process running for 2.527)
[2026-04-01 23:17:46,252] [http-nio-8080-exec-1] INFO  [customer-services,,] a.c.c.C.[Tomcat].[localhost].[/] - Initializing Spring DispatcherServlet 'dispatcherServlet'
[2026-04-01 23:17:46,253] [http-nio-8080-exec-1] INFO  [customer-services,,] .s.web.servlet.DispatcherServlet - Initializing Servlet 'dispatcherServlet'
[2026-04-01 23:17:46,254] [http-nio-8080-exec-1] INFO  [customer-services,,] .s.web.servlet.DispatcherServlet - Completed initialization in 1 ms
[2026-04-01 23:18:13,166] [SpringApplicationShutdownHook] INFO  [customer-services,,] ontainerEntityManagerFactoryBean - Closing JPA EntityManagerFactory for persistence unit 'default'
[2026-04-01 23:18:15,101] [main] INFO  [customer-services,,] ngBoot3GettingStartedApplication - Starting SpringBoot3GettingStartedApplication using Java 17.0.18 with PID 49395 (/Users/mac/Documents/API-Spring/spring-boot-lab/1. Introduction To Spring Boot/#1 spring-boot-3-getting-started/target/classes started by mac in /Users/mac/Documents/API-Spring/spring-boot-lab)
[2026-04-01 23:18:15,102] [main] INFO  [customer-services,,] ngBoot3GettingStartedApplication - No active profile set, falling back to 1 default profile: "default"
[2026-04-01 23:18:15,349] [main] INFO  [customer-services,,] .RepositoryConfigurationDelegate - Bootstrapping Spring Data JPA repositories in DEFAULT mode.
[2026-04-01 23:18:15,357] [main] INFO  [customer-services,,] .RepositoryConfigurationDelegate - Finished Spring Data repository scanning in 5 ms. Found 0 JPA repository interfaces.
[2026-04-01 23:18:15,563] [main] INFO  [customer-services,,] o.s.b.w.e.tomcat.TomcatWebServer - Tomcat initialized with port(s): 8080 (http)
[2026-04-01 23:18:15,569] [main] INFO  [customer-services,,] .a.catalina.core.StandardService - Starting service [Tomcat]
[2026-04-01 23:18:15,569] [main] INFO  [customer-services,,] o.a.catalina.core.StandardEngine - Starting Servlet engine: [Apache Tomcat/10.1.5]
[2026-04-01 23:18:15,607] [main] INFO  [customer-services,,] a.c.c.C.[Tomcat].[localhost].[/] - Initializing Spring embedded WebApplicationContext
[2026-04-01 23:18:15,607] [main] INFO  [customer-services,,] rvletWebServerApplicationContext - Root WebApplicationContext: initialization completed in 488 ms
[2026-04-01 23:18:15,620] [main] INFO  [customer-services,,] m.zaxxer.hikari.HikariDataSource - HikariPool-1 - Starting...
[2026-04-01 23:18:15,684] [main] INFO  [customer-services,,] o.h.jpa.internal.util.LogHelper  - HHH000204: Processing PersistenceUnitInfo [name: default]
[2026-04-01 23:18:15,708] [main] INFO  [customer-services,,] org.hibernate.Version            - HHH000412: Hibernate ORM core version 6.1.7.Final
[2026-04-01 23:18:15,827] [main] INFO  [customer-services,,] m.zaxxer.hikari.HikariDataSource - HikariPool-1 - Starting...
[2026-04-01 23:18:15,827] [main] WARN  [customer-services,,] e.j.e.i.JdbcEnvironmentInitiator - HHH000342: Could not obtain connection to query metadata
java.lang.RuntimeException: Driver org.h2.Driver claims to not accept jdbcUrl, jdbc:postgresql://localhost:5432/customer
	at com.zaxxer.hikari.util.DriverDataSource.<init>(DriverDataSource.java:110)
	at com.zaxxer.hikari.pool.PoolBase.initializeDataSource(PoolBase.java:326)
	at com.zaxxer.hikari.pool.PoolBase.<init>(PoolBase.java:112)
	at com.zaxxer.hikari.pool.HikariPool.<init>(HikariPool.java:93)
	at com.zaxxer.hikari.HikariDataSource.getConnection(HikariDataSource.java:112)
	at org.hibernate.engine.jdbc.connections.internal.DatasourceConnectionProviderImpl.getConnection(DatasourceConnectionProviderImpl.java:122)
	at org.hibernate.engine.jdbc.env.internal.JdbcEnvironmentInitiator$ConnectionProviderJdbcConnectionAccess.obtainConnection(JdbcEnvironmentInitiator.java:284)
	at org.hibernate.engine.jdbc.env.internal.JdbcEnvironmentInitiator.initiateService(JdbcEnvironmentInitiator.java:177)
	at org.hibernate.engine.jdbc.env.internal.JdbcEnvironmentInitiator.initiateService(JdbcEnvironmentInitiator.java:36)
	at org.hibernate.boot.registry.internal.StandardServiceRegistryImpl.initiateService(StandardServiceRegistryImpl.java:119)
	at org.hibernate.service.internal.AbstractServiceRegistryImpl.createService(AbstractServiceRegistryImpl.java:255)
	at org.hibernate.service.internal.AbstractServiceRegistryImpl.initializeService(AbstractServiceRegistryImpl.java:230)
	at org.hibernate.service.internal.AbstractServiceRegistryImpl.getService(AbstractServiceRegistryImpl.java:207)
	at org.hibernate.boot.model.relational.Database.<init>(Database.java:44)
	at org.hibernate.boot.internal.InFlightMetadataCollectorImpl.getDatabase(InFlightMetadataCollectorImpl.java:218)
	at org.hibernate.boot.internal.InFlightMetadataCollectorImpl.<init>(InFlightMetadataCollectorImpl.java:191)
	at org.hibernate.boot.model.process.spi.MetadataBuildingProcess.complete(MetadataBuildingProcess.java:138)
	at org.hibernate.jpa.boot.internal.EntityManagerFactoryBuilderImpl.metadata(EntityManagerFactoryBuilderImpl.java:1348)
	at org.hibernate.jpa.boot.internal.EntityManagerFactoryBuilderImpl.build(EntityManagerFactoryBuilderImpl.java:1419)
	at org.springframework.orm.jpa.vendor.SpringHibernateJpaPersistenceProvider.createContainerEntityManagerFactory(SpringHibernateJpaPersistenceProvider.java:66)
	at org.springframework.orm.jpa.LocalContainerEntityManagerFactoryBean.createNativeEntityManagerFactory(LocalContainerEntityManagerFactoryBean.java:376)
	at org.springframework.orm.jpa.AbstractEntityManagerFactoryBean.buildNativeEntityManagerFactory(AbstractEntityManagerFactoryBean.java:409)
	at org.springframework.orm.jpa.AbstractEntityManagerFactoryBean.afterPropertiesSet(AbstractEntityManagerFactoryBean.java:396)
	at org.springframework.orm.jpa.LocalContainerEntityManagerFactoryBean.afterPropertiesSet(LocalContainerEntityManagerFactoryBean.java:352)
	at org.springframework.beans.factory.support.AbstractAutowireCapableBeanFactory.invokeInitMethods(AbstractAutowireCapableBeanFactory.java:1798)
	at org.springframework.beans.factory.support.AbstractAutowireCapableBeanFactory.initializeBean(AbstractAutowireCapableBeanFactory.java:1748)
	at org.springframework.beans.factory.support.AbstractAutowireCapableBeanFactory.doCreateBean(AbstractAutowireCapableBeanFactory.java:600)
	at org.springframework.beans.factory.support.AbstractAutowireCapableBeanFactory.createBean(AbstractAutowireCapableBeanFactory.java:522)
	at org.springframework.beans.factory.support.AbstractBeanFactory.lambda$doGetBean$0(AbstractBeanFactory.java:326)
	at org.springframework.beans.factory.support.DefaultSingletonBeanRegistry.getSingleton(DefaultSingletonBeanRegistry.java:234)
	at org.springframework.beans.factory.support.AbstractBeanFactory.doGetBean(AbstractBeanFactory.java:324)
	at org.springframework.beans.factory.support.AbstractBeanFactory.getBean(AbstractBeanFactory.java:200)
	at org.springframework.context.support.AbstractApplicationContext.getBean(AbstractApplicationContext.java:1132)
	at org.springframework.context.support.AbstractApplicationContext.finishBeanFactoryInitialization(AbstractApplicationContext.java:907)
	at org.springframework.context.support.AbstractApplicationContext.refresh(AbstractApplicationContext.java:584)
	at org.springframework.boot.web.servlet.context.ServletWebServerApplicationContext.refresh(ServletWebServerApplicationContext.java:146)
	at org.springframework.boot.SpringApplication.refresh(SpringApplication.java:732)
	at org.springframework.boot.SpringApplication.refreshContext(SpringApplication.java:434)
	at org.springframework.boot.SpringApplication.run(SpringApplication.java:310)
	at org.springframework.boot.SpringApplication.run(SpringApplication.java:1304)
	at org.springframework.boot.SpringApplication.run(SpringApplication.java:1293)
	at com.learn.SpringBoot3GettingStartedApplication.main(SpringBoot3GettingStartedApplication.java:10)
[2026-04-01 23:18:15,837] [main] INFO  [customer-services,,] SQL dialect                      - HHH000400: Using dialect: org.hibernate.dialect.PostgreSQLDialect
[2026-04-01 23:18:15,845] [main] WARN  [customer-services,,] o.h.d.PostgreSQLPGObjectJdbcType - PostgreSQL JDBC driver classes are inaccessible and thus, certain DDL types like JSONB, JSON, GEOMETRY can not be used!
java.lang.ClassNotFoundException: org.postgresql.util.PGobject
	at java.base/jdk.internal.loader.BuiltinClassLoader.loadClass(BuiltinClassLoader.java:641)
	at java.base/jdk.internal.loader.ClassLoaders$AppClassLoader.loadClass(ClassLoaders.java:188)
	at java.base/java.lang.ClassLoader.loadClass(ClassLoader.java:525)
	at java.base/java.lang.Class.forName0(Native Method)
	at java.base/java.lang.Class.forName(Class.java:469)
	at org.hibernate.internal.util.ReflectHelper.classForName(ReflectHelper.java:164)
	at org.hibernate.dialect.PostgreSQLPGObjectJdbcType.<clinit>(PostgreSQLPGObjectJdbcType.java:45)
	at org.hibernate.dialect.PostgreSQLDialect.registerColumnTypes(PostgreSQLDialect.java:231)
	at org.hibernate.dialect.Dialect.contributeTypes(Dialect.java:1341)
	at org.hibernate.dialect.PostgreSQLDialect.contributeTypes(PostgreSQLDialect.java:1229)
	at org.hibernate.boot.model.process.spi.MetadataBuildingProcess.handleTypes(MetadataBuildingProcess.java:386)
	at org.hibernate.boot.model.process.spi.MetadataBuildingProcess.complete(MetadataBuildingProcess.java:143)
	at org.hibernate.jpa.boot.internal.EntityManagerFactoryBuilderImpl.metadata(EntityManagerFactoryBuilderImpl.java:1348)
	at org.hibernate.jpa.boot.internal.EntityManagerFactoryBuilderImpl.build(EntityManagerFactoryBuilderImpl.java:1419)
	at org.springframework.orm.jpa.vendor.SpringHibernateJpaPersistenceProvider.createContainerEntityManagerFactory(SpringHibernateJpaPersistenceProvider.java:66)
	at org.springframework.orm.jpa.LocalContainerEntityManagerFactoryBean.createNativeEntityManagerFactory(LocalContainerEntityManagerFactoryBean.java:376)
	at org.springframework.orm.jpa.AbstractEntityManagerFactoryBean.buildNativeEntityManagerFactory(AbstractEntityManagerFactoryBean.java:409)
	at org.springframework.orm.jpa.AbstractEntityManagerFactoryBean.afterPropertiesSet(AbstractEntityManagerFactoryBean.java:396)
	at org.springframework.orm.jpa.LocalContainerEntityManagerFactoryBean.afterPropertiesSet(LocalContainerEntityManagerFactoryBean.java:352)
	at org.springframework.beans.factory.support.AbstractAutowireCapableBeanFactory.invokeInitMethods(AbstractAutowireCapableBeanFactory.java:1798)
	at org.springframework.beans.factory.support.AbstractAutowireCapableBeanFactory.initializeBean(AbstractAutowireCapableBeanFactory.java:1748)
	at org.springframework.beans.factory.support.AbstractAutowireCapableBeanFactory.doCreateBean(AbstractAutowireCapableBeanFactory.java:600)
	at org.springframework.beans.factory.support.AbstractAutowireCapableBeanFactory.createBean(AbstractAutowireCapableBeanFactory.java:522)
	at org.springframework.beans.factory.support.AbstractBeanFactory.lambda$doGetBean$0(AbstractBeanFactory.java:326)
	at org.springframework.beans.factory.support.DefaultSingletonBeanRegistry.getSingleton(DefaultSingletonBeanRegistry.java:234)
	at org.springframework.beans.factory.support.AbstractBeanFactory.doGetBean(AbstractBeanFactory.java:324)
	at org.springframework.beans.factory.support.AbstractBeanFactory.getBean(AbstractBeanFactory.java:200)
	at org.springframework.context.support.AbstractApplicationContext.getBean(AbstractApplicationContext.java:1132)
	at org.springframework.context.support.AbstractApplicationContext.finishBeanFactoryInitialization(AbstractApplicationContext.java:907)
	at org.springframework.context.support.AbstractApplicationContext.refresh(AbstractApplicationContext.java:584)
	at org.springframework.boot.web.servlet.context.ServletWebServerApplicationContext.refresh(ServletWebServerApplicationContext.java:146)
	at org.springframework.boot.SpringApplication.refresh(SpringApplication.java:732)
	at org.springframework.boot.SpringApplication.refreshContext(SpringApplication.java:434)
	at org.springframework.boot.SpringApplication.run(SpringApplication.java:310)
	at org.springframework.boot.SpringApplication.run(SpringApplication.java:1304)
	at org.springframework.boot.SpringApplication.run(SpringApplication.java:1293)
	at com.learn.SpringBoot3GettingStartedApplication.main(SpringBoot3GettingStartedApplication.java:10)
[2026-04-01 23:18:15,959] [main] INFO  [customer-services,,] h.e.t.j.p.i.JtaPlatformInitiator - HHH000490: Using JtaPlatform implementation: [org.hibernate.engine.transaction.jta.platform.internal.NoJtaPlatform]
[2026-04-01 23:18:15,965] [main] INFO  [customer-services,,] ontainerEntityManagerFactoryBean - Initialized JPA EntityManagerFactory for persistence unit 'default'
[2026-04-01 23:18:15,982] [main] WARN  [customer-services,,] onfiguration$JpaWebConfiguration - spring.jpa.open-in-view is enabled by default. Therefore, database queries may be performed during view rendering. Explicitly configure spring.jpa.open-in-view to disable this warning
[2026-04-01 23:18:16,166] [main] INFO  [customer-services,,] o.s.b.w.e.tomcat.TomcatWebServer - Tomcat started on port(s): 8080 (http) with context path ''
[2026-04-01 23:18:16,170] [main] INFO  [customer-services,,] ngBoot3GettingStartedApplication - Started SpringBoot3GettingStartedApplication in 1.276 seconds (process running for 1.582)
[2026-04-01 23:18:51,731] [http-nio-8080-exec-1] INFO  [customer-services,,] a.c.c.C.[Tomcat].[localhost].[/] - Initializing Spring DispatcherServlet 'dispatcherServlet'
[2026-04-01 23:18:51,731] [http-nio-8080-exec-1] INFO  [customer-services,,] .s.web.servlet.DispatcherServlet - Initializing Servlet 'dispatcherServlet'
[2026-04-01 23:18:51,734] [http-nio-8080-exec-1] INFO  [customer-services,,] .s.web.servlet.DispatcherServlet - Completed initialization in 2 ms
